<?xml version="1.0" encoding="UTF-8"?>
<!-- Generated by org.testng.reporters.JUnitReportReporter -->
<testsuite hostname="MININT-QOPL6NB" failures="0" tests="4" name="TestNGSessions.LoginTest" time="9.566" errors="0" timestamp="24 Nov 2020 03:09:57 GMT" skipped="1">
  <testcase classname="TestNGSessions.LoginTest" name="setup" time="6.578"/>
  <testcase classname="TestNGSessions.LoginTest" name="signUpLinkTest" time="2.983"/>
  <testcase classname="TestNGSessions.LoginTest" name="TitlePageTest" time="0.005"/>
  <testcase classname="TestNGSessions.LoginTest" name="LoginTest">
    <skipped/>
  </testcase> <!-- LoginTest -->
</testsuite> <!-- TestNGSessions.LoginTest -->
