<?xml version="1.0" encoding="UTF-8"?>
<!-- Generated by org.testng.reporters.JUnitReportReporter -->
<testsuite hostname="MININT-QOPL6NB" failures="0" tests="10" name="TestNGSessions.InvocationCount" time="0.015" errors="0" timestamp="24 Nov 2020 11:59:00 GMT" skipped="0">
  <testcase classname="TestNGSessions.InvocationCount" name="Test1" time="0.000"/>
  <testcase classname="TestNGSessions.InvocationCount" name="Test1" time="0.001"/>
  <testcase classname="TestNGSessions.InvocationCount" name="Test1" time="0.001"/>
  <testcase classname="TestNGSessions.InvocationCount" name="Test1" time="0.000"/>
  <testcase classname="TestNGSessions.InvocationCount" name="Test1" time="0.001"/>
  <testcase classname="TestNGSessions.InvocationCount" name="Test1" time="0.001"/>
  <testcase classname="TestNGSessions.InvocationCount" name="Test1" time="0.000"/>
  <testcase classname="TestNGSessions.InvocationCount" name="Test1" time="0.009"/>
  <testcase classname="TestNGSessions.InvocationCount" name="Test1" time="0.001"/>
  <testcase classname="TestNGSessions.InvocationCount" name="Test1" time="0.001"/>
</testsuite> <!-- TestNGSessions.InvocationCount -->
