<?xml version="1.0" encoding="UTF-8"?>
<!-- Generated by org.testng.reporters.JUnitReportReporter -->
<testsuite hostname="MININT-QOPL6NB" failures="0" tests="4" name="TestNGSessions.PriorityTest" time="0.011" errors="0" timestamp="24 Nov 2020 11:42:33 GMT" skipped="0">
  <testcase classname="TestNGSessions.PriorityTest" name="test3" time="0.008"/>
  <testcase classname="TestNGSessions.PriorityTest" name="test1" time="0.001"/>
  <testcase classname="TestNGSessions.PriorityTest" name="test2" time="0.001"/>
  <testcase classname="TestNGSessions.PriorityTest" name="test4" time="0.001"/>
</testsuite> <!-- TestNGSessions.PriorityTest -->
