<?xml version="1.0" encoding="UTF-8"?>
<!-- Generated by org.testng.reporters.JUnitReportReporter -->
<testsuite hostname="MININT-QOPL6NB" failures="0" tests="2" name="seleniumSessions.youtube" time="7.733" errors="0" timestamp="25 Nov 2020 05:41:43 GMT" skipped="1">
  <testcase classname="seleniumSessions.youtube" name="SetUp" time="7.733"/>
  <testcase classname="seleniumSessions.youtube" name="tearDown">
    <skipped/>
  </testcase> <!-- tearDown -->
</testsuite> <!-- seleniumSessions.youtube -->
